<?xml version="1.0" encoding="UTF-8"?>
<testng-results ignored="0" total="6" passed="6" failed="0" skipped="0">
  <reporter-output>
  </reporter-output>
  <suite started-at="2024-04-08T17:40:57 IST" name="Suite" finished-at="2024-04-08T17:43:46 IST" duration-ms="168700">
    <groups>
    </groups>
    <test started-at="2024-04-08T17:40:57 IST" name="chromeTest" finished-at="2024-04-08T17:43:46 IST" duration-ms="168700">
      <class name="testCases.TestCase001_WorldClockValidation">
        <test-method is-config="true" signature="driverSetup(java.lang.String)[pri:0, instance:testCases.TestCase001_WorldClockValidation@477b4cdf]" started-at="2024-04-08T17:40:57 IST" name="driverSetup" finished-at="2024-04-08T17:41:49 IST" duration-ms="52075" status="PASS">
          <params>
            <param index="0">
              <value>
                <![CDATA[chrome]]>
              </value>
            </param>
          </params>
          <reporter-output>
          </reporter-output>
        </test-method> <!-- driverSetup -->
        <test-method signature="userVerification()[pri:0, instance:testCases.TestCase001_WorldClockValidation@477b4cdf]" started-at="2024-04-08T17:41:49 IST" name="userVerification" finished-at="2024-04-08T17:42:14 IST" duration-ms="24482" status="PASS">
          <reporter-output>
          </reporter-output>
        </test-method> <!-- userVerification -->
        <test-method signature="beCognizantValidation(java.lang.String)[pri:1, instance:testCases.TestCase001_WorldClockValidation@477b4cdf]" started-at="2024-04-08T17:42:14 IST" name="beCognizantValidation" finished-at="2024-04-08T17:42:43 IST" duration-ms="29119" status="PASS">
          <params>
            <param index="0">
              <value>
                <![CDATA[chrome]]>
              </value>
            </param>
          </params>
          <reporter-output>
          </reporter-output>
        </test-method> <!-- beCognizantValidation -->
        <test-method signature="timeValidation()[pri:2, instance:testCases.TestCase001_WorldClockValidation@477b4cdf]" started-at="2024-04-08T17:42:43 IST" name="timeValidation" finished-at="2024-04-08T17:42:43 IST" duration-ms="134" status="PASS">
          <reporter-output>
          </reporter-output>
        </test-method> <!-- timeValidation -->
        <test-method signature="timeDifferenceValidation()[pri:3, instance:testCases.TestCase001_WorldClockValidation@477b4cdf]" started-at="2024-04-08T17:42:43 IST" name="timeDifferenceValidation" finished-at="2024-04-08T17:42:43 IST" duration-ms="69" status="PASS">
          <reporter-output>
          </reporter-output>
        </test-method> <!-- timeDifferenceValidation -->
        <test-method signature="windowHandling()[pri:4, instance:testCases.TestCase001_WorldClockValidation@477b4cdf]" started-at="2024-04-08T17:42:43 IST" name="windowHandling" finished-at="2024-04-08T17:43:02 IST" duration-ms="19256" status="PASS">
          <reporter-output>
          </reporter-output>
        </test-method> <!-- windowHandling -->
        <test-method signature="oneCognizantValidation(java.lang.String)[pri:5, instance:testCases.TestCase001_WorldClockValidation@477b4cdf]" started-at="2024-04-08T17:43:02 IST" name="oneCognizantValidation" finished-at="2024-04-08T17:43:36 IST" duration-ms="33739" status="PASS">
          <params>
            <param index="0">
              <value>
                <![CDATA[chrome]]>
              </value>
            </param>
          </params>
          <reporter-output>
          </reporter-output>
        </test-method> <!-- oneCognizantValidation -->
        <test-method is-config="true" signature="tearDown()[pri:0, instance:testCases.TestCase001_WorldClockValidation@477b4cdf]" started-at="2024-04-08T17:43:36 IST" name="tearDown" finished-at="2024-04-08T17:43:46 IST" duration-ms="9591" status="PASS">
          <reporter-output>
          </reporter-output>
        </test-method> <!-- tearDown -->
        <test-method is-config="true" signature="OnTestCompletion()[pri:0, instance:testCases.TestCase001_WorldClockValidation@477b4cdf]" started-at="2024-04-08T17:43:46 IST" name="OnTestCompletion" finished-at="2024-04-08T17:43:46 IST" duration-ms="0" status="PASS">
          <reporter-output>
          </reporter-output>
        </test-method> <!-- OnTestCompletion -->
      </class> <!-- testCases.TestCase001_WorldClockValidation -->
    </test> <!-- chromeTest -->
  </suite> <!-- Suite -->
</testng-results>
